This is pdfTeX, Version 3.14159265-2.6-1.40.18 (TeX Live 2017/Debian) (preloaded format=pdflatex 2019.5.15)  6 AUG 2019 22:19
entering extended mode
 restricted \write18 enabled.
 %&-line parsing enabled.
**ThesisVersion3.tex
(./ThesisVersion3.tex
LaTeX2e <2017-04-15>
Babel <3.18> and hyphenation patterns for 7 language(s) loaded.
(/usr/share/texlive/texmf-dist/tex/latex/base/book.cls
Document Class: book 2014/09/29 v1.4h Standard LaTeX document class
(/usr/share/texlive/texmf-dist/tex/latex/base/bk11.clo
File: bk11.clo 2014/09/29 v1.4h Standard LaTeX file (size option)
)
\c@part=\count79
\c@chapter=\count80
\c@section=\count81
\c@subsection=\count82
\c@subsubsection=\count83
\c@paragraph=\count84
\c@subparagraph=\count85
\c@figure=\count86
\c@table=\count87
\abovecaptionskip=\skip41
\belowcaptionskip=\skip42
\bibindent=\dimen102
)
(/usr/share/texlive/texmf-dist/tex/latex/graphics/graphicx.sty
Package: graphicx 2017/06/01 v1.1a Enhanced LaTeX Graphics (DPC,SPQR)

(/usr/share/texlive/texmf-dist/tex/latex/graphics/keyval.sty
Package: keyval 2014/10/28 v1.15 key=value parser (DPC)
\KV@toks@=\toks14
)
(/usr/share/texlive/texmf-dist/tex/latex/graphics/graphics.sty
Package: graphics 2017/06/25 v1.2c Standard LaTeX Graphics (DPC,SPQR)

(/usr/share/texlive/texmf-dist/tex/latex/graphics/trig.sty
Package: trig 2016/01/03 v1.10 sin cos tan (DPC)
)
(/usr/share/texlive/texmf-dist/tex/latex/graphics-cfg/graphics.cfg
File: graphics.cfg 2016/06/04 v1.11 sample graphics configuration
)
Package graphics Info: Driver file: pdftex.def on input line 99.

(/usr/share/texlive/texmf-dist/tex/latex/graphics-def/pdftex.def
File: pdftex.def 2018/01/08 v1.0l Graphics/color driver for pdftex
))
\Gin@req@height=\dimen103
\Gin@req@width=\dimen104
)
(/usr/share/texlive/texmf-dist/tex/latex/graphics/color.sty
Package: color 2016/07/10 v1.1e Standard LaTeX Color (DPC)

(/usr/share/texlive/texmf-dist/tex/latex/graphics-cfg/color.cfg
File: color.cfg 2016/01/02 v1.6 sample color configuration
)
Package color Info: Driver file: pdftex.def on input line 147.
)
(/usr/share/texlive/texmf-dist/tex/latex/geometry/geometry.sty
Package: geometry 2010/09/12 v5.6 Page Geometry

(/usr/share/texlive/texmf-dist/tex/generic/oberdiek/ifpdf.sty
Package: ifpdf 2017/03/15 v3.2 Provides the ifpdf switch
)
(/usr/share/texlive/texmf-dist/tex/generic/oberdiek/ifvtex.sty
Package: ifvtex 2016/05/16 v1.6 Detect VTeX and its facilities (HO)
Package ifvtex Info: VTeX not detected.
)
(/usr/share/texlive/texmf-dist/tex/generic/ifxetex/ifxetex.sty
Package: ifxetex 2010/09/12 v0.6 Provides ifxetex conditional
)
\Gm@cnth=\count88
\Gm@cntv=\count89
\c@Gm@tempcnt=\count90
\Gm@bindingoffset=\dimen105
\Gm@wd@mp=\dimen106
\Gm@odd@mp=\dimen107
\Gm@even@mp=\dimen108
\Gm@layoutwidth=\dimen109
\Gm@layoutheight=\dimen110
\Gm@layouthoffset=\dimen111
\Gm@layoutvoffset=\dimen112
\Gm@dimlist=\toks15
)
(/usr/share/texlive/texmf-dist/tex/latex/url/url.sty
\Urlmuskip=\muskip10
Package: url 2013/09/16  ver 3.4  Verb mode for urls, etc.
)
(/usr/share/texlive/texmf-dist/tex/latex/subfig/subfig.sty
Package: subfig 2005/06/28 ver: 1.3 subfig package

(/usr/share/texlive/texmf-dist/tex/latex/caption/caption.sty
Package: caption 2016/02/21 v3.3-144 Customizing captions (AR)

(/usr/share/texlive/texmf-dist/tex/latex/caption/caption3.sty
Package: caption3 2016/05/22 v1.7-166 caption3 kernel (AR)
Package caption3 Info: TeX engine: e-TeX on input line 67.
\captionmargin=\dimen113
\captionmargin@=\dimen114
\captionwidth=\dimen115
\caption@tempdima=\dimen116
\caption@indent=\dimen117
\caption@parindent=\dimen118
\caption@hangindent=\dimen119
)
\c@ContinuedFloat=\count91
)
\c@KVtest=\count92
\sf@farskip=\skip43
\sf@captopadj=\dimen120
\sf@capskip=\skip44
\sf@nearskip=\skip45
\c@subfigure=\count93
\c@subfigure@save=\count94
\c@lofdepth=\count95
\c@subtable=\count96
\c@subtable@save=\count97
\c@lotdepth=\count98
\sf@top=\skip46
\sf@bottom=\skip47
)
(/usr/share/texlive/texmf-dist/tex/latex/amscls/amsthm.sty
Package: amsthm 2017/10/31 v2.20.4
\thm@style=\toks16
\thm@bodyfont=\toks17
\thm@headfont=\toks18
\thm@notefont=\toks19
\thm@headpunct=\toks20
\thm@preskip=\skip48
\thm@postskip=\skip49
\thm@headsep=\skip50
\dth@everypar=\toks21
)
\c@definition=\count99

(/usr/share/texlive/texmf-dist/tex/latex/algorithm2e/algorithm2e.sty
Package: algorithm2e 2017/07/18 v5.2 algorithms environments
\c@AlgoLine=\count100

(/usr/share/texlive/texmf-dist/tex/latex/base/ifthen.sty
Package: ifthen 2014/09/29 v1.1c Standard LaTeX ifthen package (DPC)
)
\algocf@hangindent=\skip51

(/usr/share/texlive/texmf-dist/tex/latex/ifoddpage/ifoddpage.sty
Package: ifoddpage 2016/04/23 v1.1 Conditionals for odd/even page detection
\c@checkoddpage=\count101
)
(/usr/share/texlive/texmf-dist/tex/latex/tools/xspace.sty
Package: xspace 2014/10/28 v1.13 Space after command names (DPC,MH)
)
(/usr/share/texlive/texmf-dist/tex/latex/relsize/relsize.sty
Package: relsize 2013/03/29 ver 4.1
)
\skiptotal=\skip52
\skiplinenumber=\skip53
\skiprule=\skip54
\skiphlne=\skip55
\skiptext=\skip56
\skiplength=\skip57
\algomargin=\skip58
\skipalgocfslide=\skip59
\algowidth=\dimen121
\inoutsize=\dimen122
\inoutindent=\dimen123
\interspacetitleruled=\dimen124
\interspacealgoruled=\dimen125
\interspacetitleboxruled=\dimen126
\algocf@ruledwidth=\skip60
\algocf@inoutbox=\box26
\algocf@inputbox=\box27
\AlCapSkip=\skip61
\AlCapHSkip=\skip62
\algoskipindent=\skip63
\algocf@nlbox=\box28
\algocf@hangingbox=\box29
\algocf@untilbox=\box30
\algocf@skipuntil=\skip64
\algocf@capbox=\box31
\algocf@lcaptionbox=\skip65
\algoheightruledefault=\skip66
\algoheightrule=\skip67
\algotitleheightruledefault=\skip68
\algotitleheightrule=\skip69
\c@algocfline=\count102
\c@algocfproc=\count103
\c@algocf=\count104
\algocf@algoframe=\box32
\algocf@algobox=\box33
)
(./ThesisVersion3.aux)
\openout1 = `ThesisVersion3.aux'.

LaTeX Font Info:    Checking defaults for OML/cmm/m/it on input line 11.
LaTeX Font Info:    ... okay on input line 11.
LaTeX Font Info:    Checking defaults for T1/cmr/m/n on input line 11.
LaTeX Font Info:    ... okay on input line 11.
LaTeX Font Info:    Checking defaults for OT1/cmr/m/n on input line 11.
LaTeX Font Info:    ... okay on input line 11.
LaTeX Font Info:    Checking defaults for OMS/cmsy/m/n on input line 11.
LaTeX Font Info:    ... okay on input line 11.
LaTeX Font Info:    Checking defaults for OMX/cmex/m/n on input line 11.
LaTeX Font Info:    ... okay on input line 11.
LaTeX Font Info:    Checking defaults for U/cmr/m/n on input line 11.
LaTeX Font Info:    ... okay on input line 11.

(/usr/share/texlive/texmf-dist/tex/context/base/mkii/supp-pdf.mkii
[Loading MPS to PDF converter (version 2006.09.02).]
\scratchcounter=\count105
\scratchdimen=\dimen127
\scratchbox=\box34
\nofMPsegments=\count106
\nofMParguments=\count107
\everyMPshowfont=\toks22
\MPscratchCnt=\count108
\MPscratchDim=\dimen128
\MPnumerator=\count109
\makeMPintoPDFobject=\count110
\everyMPtoPDFconversion=\toks23
) (/usr/share/texlive/texmf-dist/tex/latex/oberdiek/epstopdf-base.sty
Package: epstopdf-base 2016/05/15 v2.6 Base part for package epstopdf

(/usr/share/texlive/texmf-dist/tex/generic/oberdiek/infwarerr.sty
Package: infwarerr 2016/05/16 v1.4 Providing info/warning/error messages (HO)
)
(/usr/share/texlive/texmf-dist/tex/latex/oberdiek/grfext.sty
Package: grfext 2016/05/16 v1.2 Manage graphics extensions (HO)

(/usr/share/texlive/texmf-dist/tex/generic/oberdiek/kvdefinekeys.sty
Package: kvdefinekeys 2016/05/16 v1.4 Define keys (HO)

(/usr/share/texlive/texmf-dist/tex/generic/oberdiek/ltxcmds.sty
Package: ltxcmds 2016/05/16 v1.23 LaTeX kernel commands for general use (HO)
)))
(/usr/share/texlive/texmf-dist/tex/latex/oberdiek/kvoptions.sty
Package: kvoptions 2016/05/16 v3.12 Key value format for package options (HO)

(/usr/share/texlive/texmf-dist/tex/generic/oberdiek/kvsetkeys.sty
Package: kvsetkeys 2016/05/16 v1.17 Key value parser (HO)

(/usr/share/texlive/texmf-dist/tex/generic/oberdiek/etexcmds.sty
Package: etexcmds 2016/05/16 v1.6 Avoid name clashes with e-TeX commands (HO)

(/usr/share/texlive/texmf-dist/tex/generic/oberdiek/ifluatex.sty
Package: ifluatex 2016/05/16 v1.4 Provides the ifluatex switch (HO)
Package ifluatex Info: LuaTeX not detected.
)
Package etexcmds Info: Could not find \expanded.
(etexcmds)             That can mean that you are not using pdfTeX 1.50 or
(etexcmds)             that some package has redefined \expanded.
(etexcmds)             In the latter case, load this package earlier.
)))
(/usr/share/texlive/texmf-dist/tex/generic/oberdiek/pdftexcmds.sty
Package: pdftexcmds 2018/01/21 v0.26 Utility functions of pdfTeX for LuaTeX (HO
)
Package pdftexcmds Info: LuaTeX not detected.
Package pdftexcmds Info: \pdf@primitive is available.
Package pdftexcmds Info: \pdf@ifprimitive is available.
Package pdftexcmds Info: \pdfdraftmode found.
)
Package epstopdf-base Info: Redefining graphics rule for `.eps' on input line 4
38.
Package grfext Info: Graphics extension search list:
(grfext)             [.pdf,.png,.jpg,.mps,.jpeg,.jbig2,.jb2,.PDF,.PNG,.JPG,.JPE
G,.JBIG2,.JB2,.eps]
(grfext)             \AppendGraphicsExtensions on input line 456.

(/usr/share/texlive/texmf-dist/tex/latex/latexconfig/epstopdf-sys.cfg
File: epstopdf-sys.cfg 2010/07/13 v1.3 Configuration of (r)epstopdf for TeX Liv
e
))
*geometry* driver: auto-detecting
*geometry* detected driver: pdftex
*geometry* verbose mode - [ preamble ] result:
* driver: pdftex
* paper: letterpaper
* layout: <same size as paper>
* layoutoffset:(h,v)=(0.0pt,0.0pt)
* modes: 
* h-part:(L,W,R)=(92.14519pt, 430.00462pt, 92.14519pt)
* v-part:(T,H,B)=(95.39737pt, 556.47656pt, 143.09605pt)
* \paperwidth=614.295pt
* \paperheight=794.96999pt
* \textwidth=430.00462pt
* \textheight=556.47656pt
* \oddsidemargin=19.8752pt
* \evensidemargin=19.8752pt
* \topmargin=-8.74641pt
* \headheight=12.0pt
* \headsep=19.8738pt
* \topskip=11.0pt
* \footskip=27.46295pt
* \marginparwidth=62.0pt
* \marginparsep=7.0pt
* \columnsep=10.0pt
* \skip\footins=10.0pt plus 4.0pt minus 2.0pt
* \hoffset=0.0pt
* \voffset=0.0pt
* \mag=1000
* \@twocolumnfalse
* \@twosidefalse
* \@mparswitchfalse
* \@reversemarginfalse
* (1in=72.27pt=25.4mm, 1cm=28.453pt)

Package caption Info: Begin \AtBeginDocument code.
Package caption Info: subfig package v1.3 is loaded.
Package caption Info: End \AtBeginDocument code.
<images/vu-logo.png, id=1, 501.875pt x 448.67625pt>
File: images/vu-logo.png Graphic file (type png)
<use images/vu-logo.png>
Package pdftex.def Info: images/vu-logo.png  used on input line 78.
(pdftex.def)             Requested size: 71.13188pt x 63.58786pt.
<images/uva-logo.png, id=3, 220.825pt x 220.825pt>
File: images/uva-logo.png Graphic file (type png)
<use images/uva-logo.png>
Package pdftex.def Info: images/uva-logo.png  used on input line 81.
(pdftex.def)             Requested size: 71.13188pt x 71.13043pt.
[1


{/var/lib/texmf/fonts/map/pdftex/updmap/pdftex.map} <./images/vu-logo.png> <./i
mages/uva-logo.png>]
Underfull \hbox (badness 10000) in paragraph at lines 95--96

 []

[1

] (./ThesisVersion3.toc
LaTeX Font Info:    External font `cmex10' loaded for size
(Font)              <10.95> on input line 2.
LaTeX Font Info:    External font `cmex10' loaded for size
(Font)              <8> on input line 2.
LaTeX Font Info:    External font `cmex10' loaded for size
(Font)              <6> on input line 2.
 [2

])
\tf@toc=\write3
\openout3 = `ThesisVersion3.toc'.

 [3]
Chapter 1.
Missing character: There is no ‚ in font cmr10!
Missing character: There is no Ä in font cmr10!
Missing character: There is no ì in font cmr10!
Missing character: There is no ‚ in font cmr10!
Missing character: There is no Ä in font cmr10!
Missing character: There is no ì in font cmr10!

Underfull \hbox (badness 10000) in paragraph at lines 106--107

 []


Underfull \hbox (badness 10000) in paragraph at lines 108--111

 []

[1

]
Underfull \hbox (badness 10000) in paragraph at lines 112--113

 []

LaTeX Font Info:    Try loading font information for OMS+cmr on input line 120.

(/usr/share/texlive/texmf-dist/tex/latex/base/omscmr.fd
File: omscmr.fd 2014/09/29 v2.5h Standard LaTeX font definitions
)
LaTeX Font Info:    Font shape `OMS/cmr/m/n' in size <10.95> not available
(Font)              Font shape `OMS/cmsy/m/n' tried instead on input line 120.
 [2]
Underfull \hbox (badness 10000) in paragraph at lines 139--140

 []


Underfull \hbox (badness 10000) in paragraph at lines 141--143

 []


Overfull \hbox (21.4347pt too wide) in paragraph at lines 144--149
\OT1/cmtt/m/n/10.95 https : / / thomasdegroot18 . github . io / kbgenerator / W
ebpages / statisticsOverview . html$\OT1/cmr/m/n/10.95 .
 []


Underfull \hbox (badness 10000) in paragraph at lines 144--149

 []

[3] [4]
Chapter 2.
Missing character: There is no ‚ in font cmti10!
Missing character: There is no Ä in font cmti10!
Missing character: There is no ú in font cmti10!
Missing character: There is no ‚ in font cmti10!
Missing character: There is no Ä in font cmti10!
Missing character: There is no ù in font cmti10!
[5

]
Underfull \hbox (badness 10000) in paragraph at lines 176--178

 []


Underfull \hbox (badness 10000) in paragraph at lines 179--180

 []


Underfull \hbox (badness 10000) in paragraph at lines 183--185

 []

[6]
Underfull \hbox (badness 10000) in paragraph at lines 186--189

 []

[7]
Missing character: There is no ‚ in font cmr10!
Missing character: There is no Ä in font cmr10!
Missing character: There is no î in font cmr10!

Underfull \hbox (badness 10000) in paragraph at lines 214--216

 []

<images/Example1.png, id=53, 464.73625pt x 480.79625pt>
File: images/Example1.png Graphic file (type png)
<use images/Example1.png>
Package pdftex.def Info: images/Example1.png  used on input line 226.
(pdftex.def)             Requested size: 197.80501pt x 204.64015pt.
<images/Example2.png, id=54, 504.88625pt x 481.8pt>
File: images/Example2.png Graphic file (type png)
<use images/Example2.png>
Package pdftex.def Info: images/Example2.png  used on input line 229.
(pdftex.def)             Requested size: 215.0023pt x 205.1703pt.

Underfull \hbox (badness 10000) in paragraph at lines 232--233

 []

[8]
Underfull \hbox (badness 10000) in paragraph at lines 234--235

 []


Underfull \hbox (badness 10000) in paragraph at lines 236--237

 []

[9 <./images/Example1.png> <./images/Example2.png>]
Chapter 3.

Underfull \hbox (badness 10000) in paragraph at lines 245--246

 []

[10

] [11] [12]
Chapter 4.
[13

] [14] [15] [16]
Chapter 5.

Underfull \hbox (badness 10000) in paragraph at lines 317--318

 []


Underfull \hbox (badness 10000) in paragraph at lines 321--322

 []


Underfull \hbox (badness 10000) in paragraph at lines 323--325

 []

[17

]
<images/SimplifiedPipelineMissingPart.png, id=91, 3494.05376pt x 1757.56625pt>
File: images/SimplifiedPipelineMissingPart.png Graphic file (type png)
<use images/SimplifiedPipelineMissingPart.png>
Package pdftex.def Info: images/SimplifiedPipelineMissingPart.png  used on inpu
t line 334.
(pdftex.def)             Requested size: 430.00462pt x 216.28932pt.


Package caption Warning: \label without proper reference on input line 356.
See the caption package documentation for explanation.


LaTeX Warning: Reference `AlgorithmClean' on page 18 undefined on input line 34
0.


Underfull \hbox (badness 10000) in paragraph at lines 340--341

 []

[18 <./images/SimplifiedPipelineMissingPart.png>]
Underfull \hbox (badness 10000) in paragraph at lines 361--363

 []

<images/SubgraphRetrieval.png, id=96, 1661.20625pt x 1155.31625pt>
File: images/SubgraphRetrieval.png Graphic file (type png)
<use images/SubgraphRetrieval.png>
Package pdftex.def Info: images/SubgraphRetrieval.png  used on input line 368.
(pdftex.def)             Requested size: 215.0023pt x 149.52649pt.
<images/JustificationRetrieval.png, id=97, 844.15375pt x 576.1525pt>
File: images/JustificationRetrieval.png Graphic file (type png)
<use images/JustificationRetrieval.png>
Package pdftex.def Info: images/JustificationRetrieval.png  used on input line 
371.
(pdftex.def)             Requested size: 215.0023pt x 146.73671pt.

Overfull \hbox (14.59996pt too wide) in paragraph at lines 368--372
[][][][][] 
 []

[19]
Underfull \hbox (badness 10000) in paragraph at lines 380--384

 []

[20 <./images/SubgraphRetrieval.png> <./images/JustificationRetrieval.png>]
<images/PatternGeneralizing.png, id=106, 927.465pt x 686.565pt>
File: images/PatternGeneralizing.png Graphic file (type png)
<use images/PatternGeneralizing.png>
Package pdftex.def Info: images/PatternGeneralizing.png  used on input line 389
.
(pdftex.def)             Requested size: 215.0023pt x 159.15329pt.
<images/JustificationtoGeneral.png, id=107, 937.5025pt x 536.0025pt>
File: images/JustificationtoGeneral.png Graphic file (type png)
<use images/JustificationtoGeneral.png>
Package pdftex.def Info: images/JustificationtoGeneral.png  used on input line 
392.
(pdftex.def)             Requested size: 215.0023pt x 122.9181pt.

Overfull \hbox (7.29997pt too wide) in paragraph at lines 389--393
[][][][][] 
 []


Underfull \hbox (badness 10000) in paragraph at lines 396--397

 []


Underfull \hbox (badness 10000) in paragraph at lines 398--401

 []

[21 <./images/PatternGeneralizing.png> <./images/JustificationtoGeneral.png>]
Underfull \hbox (badness 10000) in paragraph at lines 423--427

 []

[22] [23]
Chapter 6.

Underfull \hbox (badness 10000) in paragraph at lines 438--439

 []

Missing character: There is no √ in font cmr10!
Missing character: There is no ≠ in font cmr10!
[24

]
Missing character: There is no ‚ in font cmr10!
Missing character: There is no Ä in font cmr10!
Missing character: There is no î in font cmr10!
 [25]
<images/Loop.png, id=127, 603.75563pt x 357.58594pt>
File: images/Loop.png Graphic file (type png)
<use images/Loop.png>
Package pdftex.def Info: images/Loop.png  used on input line 479.
(pdftex.def)             Requested size: 215.0023pt x 127.33946pt.
<images/Kite.png, id=128, 642.14906pt x 383.18156pt>
File: images/Kite.png Graphic file (type png)
<use images/Kite.png>
Package pdftex.def Info: images/Kite.png  used on input line 482.
(pdftex.def)             Requested size: 215.0023pt x 128.29207pt.

Overfull \hbox (7.29997pt too wide) in paragraph at lines 479--483
[][][][][] 
 []


Overfull \hbox (18.39302pt too wide) in paragraph at lines 485--487
\OT1/cmtt/m/n/10.95 https : / / thomasdegroot18 . github . io / kbgenerator / W
ebpages / statisticsOverview . html$
 []


Underfull \hbox (badness 10000) in paragraph at lines 485--487

 []

[26 <./images/Loop.png> <./images/Kite.png>]
Chapter 7.
[27

]
<images/AnalyticsDrawing.png, id=137, 1907.125pt x 788.9475pt>
File: images/AnalyticsDrawing.png Graphic file (type png)
<use images/AnalyticsDrawing.png>
Package pdftex.def Info: images/AnalyticsDrawing.png  used on input line 512.
(pdftex.def)             Requested size: 193.50076pt x 80.04301pt.
<images/SamplingDrawing.png, id=138, 1800.7275pt x 788.9475pt>
File: images/SamplingDrawing.png Graphic file (type png)
<use images/SamplingDrawing.png>
Package pdftex.def Info: images/SamplingDrawing.png  used on input line 515.
(pdftex.def)             Requested size: 193.50076pt x 84.77408pt.
<images/Sampling.png, id=139, 495.8525pt x 164.615pt>
File: images/Sampling.png Graphic file (type png)
<use images/Sampling.png>
Package pdftex.def Info: images/Sampling.png  used on input line 528.
(pdftex.def)             Requested size: 430.00462pt x 142.75423pt.
 [28 <./images/AnalyticsDrawing.png> <./images/SamplingDrawing.png>]
[29 <./images/Sampling.png>] [30]
Chapter 8.
[31

]
Package epstopdf Info: Source file: <images/figure4.eps>
(epstopdf)                    date: 2019-08-01 23:02:50
(epstopdf)                    size: 106870 bytes
(epstopdf)             Output file: <images/figure4-eps-converted-to.pdf>
(epstopdf)                    date: 2019-08-01 23:02:50
(epstopdf)                    size: 32043 bytes
(epstopdf)             Command: <repstopdf --outfile=images/figure4-eps-convert
ed-to.pdf images/figure4.eps>
(epstopdf)             \includegraphics on input line 588.
Package epstopdf Info: Output file is already uptodate.
<images/figure4-eps-converted-to.pdf, id=155, 414.54875pt x 328.22626pt>
File: images/figure4-eps-converted-to.pdf Graphic file (type pdf)
<use images/figure4-eps-converted-to.pdf>
Package pdftex.def Info: images/figure4-eps-converted-to.pdf  used on input lin
e 588.
(pdftex.def)             Requested size: 215.0023pt x 170.22787pt.
Package epstopdf Info: Source file: <images/figure5.eps>
(epstopdf)                    date: 2019-08-01 23:02:50
(epstopdf)                    size: 154751 bytes
(epstopdf)             Output file: <images/figure5-eps-converted-to.pdf>
(epstopdf)                    date: 2019-08-01 23:02:50
(epstopdf)                    size: 41192 bytes
(epstopdf)             Command: <repstopdf --outfile=images/figure5-eps-convert
ed-to.pdf images/figure5.eps>
(epstopdf)             \includegraphics on input line 592.
Package epstopdf Info: Output file is already uptodate.
<images/figure5-eps-converted-to.pdf, id=156, 414.54875pt x 328.22626pt>
File: images/figure5-eps-converted-to.pdf Graphic file (type pdf)
<use images/figure5-eps-converted-to.pdf>
Package pdftex.def Info: images/figure5-eps-converted-to.pdf  used on input lin
e 592.
(pdftex.def)             Requested size: 215.0023pt x 170.22787pt.

Overfull \hbox (7.29997pt too wide) in paragraph at lines 588--593
[][][][][] 
 []

[32 <./images/figure4-eps-converted-to.pdf> <./images/figure5-eps-converted-to.
pdf>]
Package epstopdf Info: Source file: <images/figure1.eps>
(epstopdf)                    date: 2019-08-01 23:02:50
(epstopdf)                    size: 30410 bytes
(epstopdf)             Output file: <images/figure1-eps-converted-to.pdf>
(epstopdf)                    date: 2019-08-01 23:02:50
(epstopdf)                    size: 19920 bytes
(epstopdf)             Command: <repstopdf --outfile=images/figure1-eps-convert
ed-to.pdf images/figure1.eps>
(epstopdf)             \includegraphics on input line 612.
Package epstopdf Info: Output file is already uptodate.
<images/figure1-eps-converted-to.pdf, id=237, 410.53375pt x 326.21875pt>
File: images/figure1-eps-converted-to.pdf Graphic file (type pdf)
<use images/figure1-eps-converted-to.pdf>
Package pdftex.def Info: images/figure1-eps-converted-to.pdf  used on input lin
e 612.
(pdftex.def)             Requested size: 215.0023pt x 170.8443pt.
Package epstopdf Info: Source file: <images/figure6.eps>
(epstopdf)                    date: 2019-08-01 23:02:50
(epstopdf)                    size: 258137 bytes
(epstopdf)             Output file: <images/figure6-eps-converted-to.pdf>
(epstopdf)                    date: 2019-08-01 23:02:50
(epstopdf)                    size: 63585 bytes
(epstopdf)             Command: <repstopdf --outfile=images/figure6-eps-convert
ed-to.pdf images/figure6.eps>
(epstopdf)             \includegraphics on input line 616.
Package epstopdf Info: Output file is already uptodate.
<images/figure6-eps-converted-to.pdf, id=238, 464.73625pt x 328.22626pt>
File: images/figure6-eps-converted-to.pdf Graphic file (type pdf)
<use images/figure6-eps-converted-to.pdf>
Package pdftex.def Info: images/figure6-eps-converted-to.pdf  used on input lin
e 616.
(pdftex.def)             Requested size: 215.0023pt x 151.84734pt.

Overfull \hbox (7.29997pt too wide) in paragraph at lines 612--617
[][][][][] 
 []

[33 <./images/figure1-eps-converted-to.pdf> <./images/figure6-eps-converted-to.
pdf>]
Package epstopdf Info: Source file: <images/figure2.eps>
(epstopdf)                    date: 2019-08-01 23:02:50
(epstopdf)                    size: 52634 bytes
(epstopdf)             Output file: <images/figure2-eps-converted-to.pdf>
(epstopdf)                    date: 2019-08-01 23:02:50
(epstopdf)                    size: 22195 bytes
(epstopdf)             Command: <repstopdf --outfile=images/figure2-eps-convert
ed-to.pdf images/figure2.eps>
(epstopdf)             \includegraphics on input line 629.
Package epstopdf Info: Output file is already uptodate.
<images/figure2-eps-converted-to.pdf, id=324, 420.57124pt x 326.21875pt>
File: images/figure2-eps-converted-to.pdf Graphic file (type pdf)
<use images/figure2-eps-converted-to.pdf>
Package pdftex.def Info: images/figure2-eps-converted-to.pdf  used on input lin
e 629.
(pdftex.def)             Requested size: 215.0023pt x 166.76756pt.
Package epstopdf Info: Source file: <images/figure3.eps>
(epstopdf)                    date: 2019-08-01 23:02:50
(epstopdf)                    size: 57950 bytes
(epstopdf)             Output file: <images/figure3-eps-converted-to.pdf>
(epstopdf)                    date: 2019-08-01 23:02:50
(epstopdf)                    size: 26681 bytes
(epstopdf)             Command: <repstopdf --outfile=images/figure3-eps-convert
ed-to.pdf images/figure3.eps>
(epstopdf)             \includegraphics on input line 632.
Package epstopdf Info: Output file is already uptodate.
<images/figure3-eps-converted-to.pdf, id=325, 420.57124pt x 328.22626pt>
File: images/figure3-eps-converted-to.pdf Graphic file (type pdf)
<use images/figure3-eps-converted-to.pdf>
Package pdftex.def Info: images/figure3-eps-converted-to.pdf  used on input lin
e 632.
(pdftex.def)             Requested size: 215.0023pt x 167.79384pt.

Overfull \hbox (7.29997pt too wide) in paragraph at lines 629--634
 [][][][] 
 []

[34 <./images/figure2-eps-converted-to.pdf> <./images/figure3-eps-converted-to.
pdf>]
Underfull \hbox (badness 10000) in paragraph at lines 653--654

 []

Package epstopdf Info: Source file: <images/Samplefigure4.eps>
(epstopdf)                    date: 2019-08-01 23:02:50
(epstopdf)                    size: 74557 bytes
(epstopdf)             Output file: <images/Samplefigure4-eps-converted-to.pdf>

(epstopdf)                    date: 2019-08-01 23:02:50
(epstopdf)                    size: 25718 bytes
(epstopdf)             Command: <repstopdf --outfile=images/Samplefigure4-eps-c
onverted-to.pdf images/Samplefigure4.eps>
(epstopdf)             \includegraphics on input line 659.
Package epstopdf Info: Output file is already uptodate.
<images/Samplefigure4-eps-converted-to.pdf, id=429, 418.56375pt x 328.22626pt>
File: images/Samplefigure4-eps-converted-to.pdf Graphic file (type pdf)
<use images/Samplefigure4-eps-converted-to.pdf>
Package pdftex.def Info: images/Samplefigure4-eps-converted-to.pdf  used on inp
ut line 659.
(pdftex.def)             Requested size: 215.0023pt x 168.59517pt.
Package epstopdf Info: Source file: <images/Samplefigure5.eps>
(epstopdf)                    date: 2019-08-01 23:02:50
(epstopdf)                    size: 102902 bytes
(epstopdf)             Output file: <images/Samplefigure5-eps-converted-to.pdf>

(epstopdf)                    date: 2019-08-01 23:02:50
(epstopdf)                    size: 31068 bytes
(epstopdf)             Command: <repstopdf --outfile=images/Samplefigure5-eps-c
onverted-to.pdf images/Samplefigure5.eps>
(epstopdf)             \includegraphics on input line 663.
Package epstopdf Info: Output file is already uptodate.
<images/Samplefigure5-eps-converted-to.pdf, id=430, 414.54875pt x 328.22626pt>
File: images/Samplefigure5-eps-converted-to.pdf Graphic file (type pdf)
<use images/Samplefigure5-eps-converted-to.pdf>
Package pdftex.def Info: images/Samplefigure5-eps-converted-to.pdf  used on inp
ut line 663.
(pdftex.def)             Requested size: 215.0023pt x 170.22787pt.

Overfull \hbox (7.29997pt too wide) in paragraph at lines 659--664
[][][] 
 []

Package epstopdf Info: Source file: <images/Samplefigure1.eps>
(epstopdf)                    date: 2019-08-01 23:02:50
(epstopdf)                    size: 58373 bytes
(epstopdf)             Output file: <images/Samplefigure1-eps-converted-to.pdf>

(epstopdf)                    date: 2019-08-01 23:02:50
(epstopdf)                    size: 27536 bytes
(epstopdf)             Command: <repstopdf --outfile=images/Samplefigure1-eps-c
onverted-to.pdf images/Samplefigure1.eps>
(epstopdf)             \includegraphics on input line 673.
Package epstopdf Info: Output file is already uptodate.
<images/Samplefigure1-eps-converted-to.pdf, id=431, 420.57124pt x 328.22626pt>
File: images/Samplefigure1-eps-converted-to.pdf Graphic file (type pdf)
<use images/Samplefigure1-eps-converted-to.pdf>
Package pdftex.def Info: images/Samplefigure1-eps-converted-to.pdf  used on inp
ut line 673.
(pdftex.def)             Requested size: 215.0023pt x 167.79384pt.
Package epstopdf Info: Source file: <images/Samplefigure6.eps>
(epstopdf)                    date: 2019-08-01 23:02:50
(epstopdf)                    size: 152944 bytes
(epstopdf)             Output file: <images/Samplefigure6-eps-converted-to.pdf>

(epstopdf)                    date: 2019-08-01 23:02:50
(epstopdf)                    size: 42515 bytes
(epstopdf)             Command: <repstopdf --outfile=images/Samplefigure6-eps-c
onverted-to.pdf images/Samplefigure6.eps>
(epstopdf)             \includegraphics on input line 677.
Package epstopdf Info: Output file is already uptodate.
<images/Samplefigure6-eps-converted-to.pdf, id=432, 464.73625pt x 328.22626pt>
File: images/Samplefigure6-eps-converted-to.pdf Graphic file (type pdf)
<use images/Samplefigure6-eps-converted-to.pdf>
Package pdftex.def Info: images/Samplefigure6-eps-converted-to.pdf  used on inp
ut line 677.
(pdftex.def)             Requested size: 215.0023pt x 151.84734pt.

Overfull \hbox (7.29997pt too wide) in paragraph at lines 673--678
[][][][][] 
 []

Package epstopdf Info: Source file: <images/Samplefigure2.eps>
(epstopdf)                    date: 2019-08-01 23:02:50
(epstopdf)                    size: 61176 bytes
(epstopdf)             Output file: <images/Samplefigure2-eps-converted-to.pdf>

(epstopdf)                    date: 2019-08-01 23:02:50
(epstopdf)                    size: 25218 bytes
(epstopdf)             Command: <repstopdf --outfile=images/Samplefigure2-eps-c
onverted-to.pdf images/Samplefigure2.eps>
(epstopdf)             \includegraphics on input line 684.
Package epstopdf Info: Output file is already uptodate.
<images/Samplefigure2-eps-converted-to.pdf, id=433, 420.57124pt x 326.21875pt>
File: images/Samplefigure2-eps-converted-to.pdf Graphic file (type pdf)
<use images/Samplefigure2-eps-converted-to.pdf>
Package pdftex.def Info: images/Samplefigure2-eps-converted-to.pdf  used on inp
ut line 684.
(pdftex.def)             Requested size: 215.0023pt x 166.76756pt.
Package epstopdf Info: Source file: <images/Samplefigure3.eps>
(epstopdf)                    date: 2019-08-01 23:02:50
(epstopdf)                    size: 32257 bytes
(epstopdf)             Output file: <images/Samplefigure3-eps-converted-to.pdf>

(epstopdf)                    date: 2019-08-01 23:02:50
(epstopdf)                    size: 19755 bytes
(epstopdf)             Command: <repstopdf --outfile=images/Samplefigure3-eps-c
onverted-to.pdf images/Samplefigure3.eps>
(epstopdf)             \includegraphics on input line 688.
Package epstopdf Info: Output file is already uptodate.
<images/Samplefigure3-eps-converted-to.pdf, id=434, 420.57124pt x 326.21875pt>
File: images/Samplefigure3-eps-converted-to.pdf Graphic file (type pdf)
<use images/Samplefigure3-eps-converted-to.pdf>
Package pdftex.def Info: images/Samplefigure3-eps-converted-to.pdf  used on inp
ut line 688.
(pdftex.def)             Requested size: 215.0023pt x 166.76756pt.

Overfull \hbox (7.29997pt too wide) in paragraph at lines 684--689
 [][][][][] 
 []

[35 <./images/Samplefigure4-eps-converted-to.pdf> <./images/Samplefigure5-eps-c
onverted-to.pdf>] [36 <./images/Samplefigure1-eps-converted-to.pdf> <./images/S
amplefigure6-eps-converted-to.pdf> <./images/Samplefigure2-eps-converted-to.pdf
> <./images/Samplefigure3-eps-converted-to.pdf>] [37]
Chapter 9.

Underfull \hbox (badness 10000) in paragraph at lines 706--708

 []


Underfull \hbox (badness 10000) in paragraph at lines 709--710

 []


Underfull \hbox (badness 10000) in paragraph at lines 711--712

 []


Underfull \hbox (badness 10000) in paragraph at lines 713--714

 []

[38

]
Overfull \hbox (21.4347pt too wide) in paragraph at lines 715--718
\OT1/cmtt/m/n/10.95 https : / / thomasdegroot18 . github . io / kbgenerator / W
ebpages / statisticsOverview . html$\OT1/cmr/m/n/10.95 .
 []


Underfull \hbox (badness 10000) in paragraph at lines 715--718

 []

[39] (./ThesisVersion3.bbl
Missing character: There is no √ in font cmr10!
Missing character: There is no º in font cmr10!
Missing character: There is no √ in font cmr10!
Missing character: There is no ° in font cmr10!
Missing character: There is no √ in font cmr10!
Missing character: There is no ≠ in font cmr10!
Missing character: There is no √ in font cmr10!
Missing character: There is no © in font cmr10!
Missing character: There is no ‚ in font cmr10!
Missing character: There is no Ä in font cmr10!
Missing character: There is no ì in font cmr10!
 [40

]
Missing character: There is no √ in font cmr10!
Missing character: There is no © in font cmr10!
Missing character: There is no √ in font cmr10!
Missing character: There is no © in font cmr10!
 [41]
Missing character: There is no √ in font cmr10!
Missing character: There is no ≠ in font cmr10!
Missing character: There is no √ in font cmr10!
Missing character: There is no ° in font cmr10!
Missing character: There is no √ in font cmti10!
Missing character: There is no ™ in font cmti10!
) [42] (./ThesisVersion3.aux)

LaTeX Warning: There were undefined references.

 ) 
Here is how much of TeX's memory you used:
 4656 strings out of 494847
 75491 string characters out of 6179080
 147313 words of memory out of 5000000
 7895 multiletter control sequences out of 15000+600000
 11884 words of font info for 41 fonts, out of 8000000 for 9000
 59 hyphenation exceptions out of 8191
 44i,15n,49p,1190b,423s stack positions out of 5000i,500n,10000p,200000b,80000s
</usr/share/texlive/texmf-dist/fonts/type1/public/amsfonts/cm/cmbx10.pfb></us
r/share/texlive/texmf-dist/fonts/type1/public/amsfonts/cm/cmbx12.pfb></usr/shar
e/texlive/texmf-dist/fonts/type1/public/amsfonts/cm/cmbxti10.pfb></usr/share/te
xlive/texmf-dist/fonts/type1/public/amsfonts/cm/cmcsc10.pfb></usr/share/texlive
/texmf-dist/fonts/type1/public/amsfonts/cm/cmmi10.pfb></usr/share/texlive/texmf
-dist/fonts/type1/public/amsfonts/cm/cmr10.pfb></usr/share/texlive/texmf-dist/f
onts/type1/public/amsfonts/cm/cmr12.pfb></usr/share/texlive/texmf-dist/fonts/ty
pe1/public/amsfonts/cm/cmr9.pfb></usr/share/texlive/texmf-dist/fonts/type1/publ
ic/amsfonts/cm/cmsl10.pfb></usr/share/texlive/texmf-dist/fonts/type1/public/ams
fonts/cm/cmsy10.pfb></usr/share/texlive/texmf-dist/fonts/type1/public/amsfonts/
cm/cmsy8.pfb></usr/share/texlive/texmf-dist/fonts/type1/public/amsfonts/cm/cmti
10.pfb></usr/share/texlive/texmf-dist/fonts/type1/public/amsfonts/cm/cmti12.pfb
></usr/share/texlive/texmf-dist/fonts/type1/public/amsfonts/cm/cmtt10.pfb>
Output written on ThesisVersion3.pdf (46 pages, 1578836 bytes).
PDF statistics:
 781 PDF objects out of 1000 (max. 8388607)
 231 compressed objects within 3 object streams
 0 named destinations out of 1000 (max. 500000)
 131 words of extra memory for PDF output out of 10000 (max. 10000000)

