This is pdfTeX, Version 3.14159265-2.6-1.40.18 (TeX Live 2017/Debian) (preloaded format=pdflatex 2019.5.15)  22 MAY 2019 23:05
entering extended mode
 restricted \write18 enabled.
 %&-line parsing enabled.
**ThesisVersion2.tex
(./ThesisVersion2.tex
LaTeX2e <2017-04-15>
Babel <3.18> and hyphenation patterns for 7 language(s) loaded.
(/usr/share/texlive/texmf-dist/tex/latex/base/article.cls
Document Class: article 2014/09/29 v1.4h Standard LaTeX document class
(/usr/share/texlive/texmf-dist/tex/latex/base/size10.clo
File: size10.clo 2014/09/29 v1.4h Standard LaTeX file (size option)
)
\c@part=\count79
\c@section=\count80
\c@subsection=\count81
\c@subsubsection=\count82
\c@paragraph=\count83
\c@subparagraph=\count84
\c@figure=\count85
\c@table=\count86
\abovecaptionskip=\skip41
\belowcaptionskip=\skip42
\bibindent=\dimen102
)
(/usr/share/texlive/texmf-dist/tex/latex/graphics/graphicx.sty
Package: graphicx 2017/06/01 v1.1a Enhanced LaTeX Graphics (DPC,SPQR)

(/usr/share/texlive/texmf-dist/tex/latex/graphics/keyval.sty
Package: keyval 2014/10/28 v1.15 key=value parser (DPC)
\KV@toks@=\toks14
)
(/usr/share/texlive/texmf-dist/tex/latex/graphics/graphics.sty
Package: graphics 2017/06/25 v1.2c Standard LaTeX Graphics (DPC,SPQR)

(/usr/share/texlive/texmf-dist/tex/latex/graphics/trig.sty
Package: trig 2016/01/03 v1.10 sin cos tan (DPC)
)
(/usr/share/texlive/texmf-dist/tex/latex/graphics-cfg/graphics.cfg
File: graphics.cfg 2016/06/04 v1.11 sample graphics configuration
)
Package graphics Info: Driver file: pdftex.def on input line 99.

(/usr/share/texlive/texmf-dist/tex/latex/graphics-def/pdftex.def
File: pdftex.def 2018/01/08 v1.0l Graphics/color driver for pdftex
))
\Gin@req@height=\dimen103
\Gin@req@width=\dimen104
)
(/usr/share/texlive/texmf-dist/tex/latex/graphics/color.sty
Package: color 2016/07/10 v1.1e Standard LaTeX Color (DPC)

(/usr/share/texlive/texmf-dist/tex/latex/graphics-cfg/color.cfg
File: color.cfg 2016/01/02 v1.6 sample color configuration
)
Package color Info: Driver file: pdftex.def on input line 147.
)
(/usr/share/texlive/texmf-dist/tex/latex/geometry/geometry.sty
Package: geometry 2010/09/12 v5.6 Page Geometry

(/usr/share/texlive/texmf-dist/tex/generic/oberdiek/ifpdf.sty
Package: ifpdf 2017/03/15 v3.2 Provides the ifpdf switch
)
(/usr/share/texlive/texmf-dist/tex/generic/oberdiek/ifvtex.sty
Package: ifvtex 2016/05/16 v1.6 Detect VTeX and its facilities (HO)
Package ifvtex Info: VTeX not detected.
)
(/usr/share/texlive/texmf-dist/tex/generic/ifxetex/ifxetex.sty
Package: ifxetex 2010/09/12 v0.6 Provides ifxetex conditional
)
\Gm@cnth=\count87
\Gm@cntv=\count88
\c@Gm@tempcnt=\count89
\Gm@bindingoffset=\dimen105
\Gm@wd@mp=\dimen106
\Gm@odd@mp=\dimen107
\Gm@even@mp=\dimen108
\Gm@layoutwidth=\dimen109
\Gm@layoutheight=\dimen110
\Gm@layouthoffset=\dimen111
\Gm@layoutvoffset=\dimen112
\Gm@dimlist=\toks15
)
(/usr/share/texlive/texmf-dist/tex/latex/url/url.sty
\Urlmuskip=\muskip10
Package: url 2013/09/16  ver 3.4  Verb mode for urls, etc.
)
(/usr/share/texlive/texmf-dist/tex/latex/subfig/subfig.sty
Package: subfig 2005/06/28 ver: 1.3 subfig package

(/usr/share/texlive/texmf-dist/tex/latex/caption/caption.sty
Package: caption 2016/02/21 v3.3-144 Customizing captions (AR)

(/usr/share/texlive/texmf-dist/tex/latex/caption/caption3.sty
Package: caption3 2016/05/22 v1.7-166 caption3 kernel (AR)
Package caption3 Info: TeX engine: e-TeX on input line 67.
\captionmargin=\dimen113
\captionmargin@=\dimen114
\captionwidth=\dimen115
\caption@tempdima=\dimen116
\caption@indent=\dimen117
\caption@parindent=\dimen118
\caption@hangindent=\dimen119
)
\c@ContinuedFloat=\count90
)
\c@KVtest=\count91
\sf@farskip=\skip43
\sf@captopadj=\dimen120
\sf@capskip=\skip44
\sf@nearskip=\skip45
\c@subfigure=\count92
\c@subfigure@save=\count93
\c@lofdepth=\count94
\c@subtable=\count95
\c@subtable@save=\count96
\c@lotdepth=\count97
\sf@top=\skip46
\sf@bottom=\skip47
)
(/usr/share/texlive/texmf-dist/tex/latex/amscls/amsthm.sty
Package: amsthm 2017/10/31 v2.20.4
\thm@style=\toks16
\thm@bodyfont=\toks17
\thm@headfont=\toks18
\thm@notefont=\toks19
\thm@headpunct=\toks20
\thm@preskip=\skip48
\thm@postskip=\skip49
\thm@headsep=\skip50
\dth@everypar=\toks21
)
\c@definition=\count98

(/usr/share/texlive/texmf-dist/tex/latex/algorithm2e/algorithm2e.sty
Package: algorithm2e 2017/07/18 v5.2 algorithms environments
\c@AlgoLine=\count99

(/usr/share/texlive/texmf-dist/tex/latex/base/ifthen.sty
Package: ifthen 2014/09/29 v1.1c Standard LaTeX ifthen package (DPC)
)
\algocf@hangindent=\skip51

(/usr/share/texlive/texmf-dist/tex/latex/ifoddpage/ifoddpage.sty
Package: ifoddpage 2016/04/23 v1.1 Conditionals for odd/even page detection
\c@checkoddpage=\count100
)
(/usr/share/texlive/texmf-dist/tex/latex/tools/xspace.sty
Package: xspace 2014/10/28 v1.13 Space after command names (DPC,MH)
)
(/usr/share/texlive/texmf-dist/tex/latex/relsize/relsize.sty
Package: relsize 2013/03/29 ver 4.1
)
\skiptotal=\skip52
\skiplinenumber=\skip53
\skiprule=\skip54
\skiphlne=\skip55
\skiptext=\skip56
\skiplength=\skip57
\algomargin=\skip58
\skipalgocfslide=\skip59
\algowidth=\dimen121
\inoutsize=\dimen122
\inoutindent=\dimen123
\interspacetitleruled=\dimen124
\interspacealgoruled=\dimen125
\interspacetitleboxruled=\dimen126
\algocf@ruledwidth=\skip60
\algocf@inoutbox=\box26
\algocf@inputbox=\box27
\AlCapSkip=\skip61
\AlCapHSkip=\skip62
\algoskipindent=\skip63
\algocf@nlbox=\box28
\algocf@hangingbox=\box29
\algocf@untilbox=\box30
\algocf@skipuntil=\skip64
\algocf@capbox=\box31
\algocf@lcaptionbox=\skip65
\algoheightruledefault=\skip66
\algoheightrule=\skip67
\algotitleheightruledefault=\skip68
\algotitleheightrule=\skip69
\c@algocfline=\count101
\c@algocfproc=\count102
\c@algocf=\count103
\algocf@algoframe=\box32
\algocf@algobox=\box33
)
(./ThesisVersion2.aux)
\openout1 = `ThesisVersion2.aux'.

LaTeX Font Info:    Checking defaults for OML/cmm/m/it on input line 11.
LaTeX Font Info:    ... okay on input line 11.
LaTeX Font Info:    Checking defaults for T1/cmr/m/n on input line 11.
LaTeX Font Info:    ... okay on input line 11.
LaTeX Font Info:    Checking defaults for OT1/cmr/m/n on input line 11.
LaTeX Font Info:    ... okay on input line 11.
LaTeX Font Info:    Checking defaults for OMS/cmsy/m/n on input line 11.
LaTeX Font Info:    ... okay on input line 11.
LaTeX Font Info:    Checking defaults for OMX/cmex/m/n on input line 11.
LaTeX Font Info:    ... okay on input line 11.
LaTeX Font Info:    Checking defaults for U/cmr/m/n on input line 11.
LaTeX Font Info:    ... okay on input line 11.

(/usr/share/texlive/texmf-dist/tex/context/base/mkii/supp-pdf.mkii
[Loading MPS to PDF converter (version 2006.09.02).]
\scratchcounter=\count104
\scratchdimen=\dimen127
\scratchbox=\box34
\nofMPsegments=\count105
\nofMParguments=\count106
\everyMPshowfont=\toks22
\MPscratchCnt=\count107
\MPscratchDim=\dimen128
\MPnumerator=\count108
\makeMPintoPDFobject=\count109
\everyMPtoPDFconversion=\toks23
) (/usr/share/texlive/texmf-dist/tex/latex/oberdiek/epstopdf-base.sty
Package: epstopdf-base 2016/05/15 v2.6 Base part for package epstopdf

(/usr/share/texlive/texmf-dist/tex/generic/oberdiek/infwarerr.sty
Package: infwarerr 2016/05/16 v1.4 Providing info/warning/error messages (HO)
)
(/usr/share/texlive/texmf-dist/tex/latex/oberdiek/grfext.sty
Package: grfext 2016/05/16 v1.2 Manage graphics extensions (HO)

(/usr/share/texlive/texmf-dist/tex/generic/oberdiek/kvdefinekeys.sty
Package: kvdefinekeys 2016/05/16 v1.4 Define keys (HO)

(/usr/share/texlive/texmf-dist/tex/generic/oberdiek/ltxcmds.sty
Package: ltxcmds 2016/05/16 v1.23 LaTeX kernel commands for general use (HO)
)))
(/usr/share/texlive/texmf-dist/tex/latex/oberdiek/kvoptions.sty
Package: kvoptions 2016/05/16 v3.12 Key value format for package options (HO)

(/usr/share/texlive/texmf-dist/tex/generic/oberdiek/kvsetkeys.sty
Package: kvsetkeys 2016/05/16 v1.17 Key value parser (HO)

(/usr/share/texlive/texmf-dist/tex/generic/oberdiek/etexcmds.sty
Package: etexcmds 2016/05/16 v1.6 Avoid name clashes with e-TeX commands (HO)

(/usr/share/texlive/texmf-dist/tex/generic/oberdiek/ifluatex.sty
Package: ifluatex 2016/05/16 v1.4 Provides the ifluatex switch (HO)
Package ifluatex Info: LuaTeX not detected.
)
Package etexcmds Info: Could not find \expanded.
(etexcmds)             That can mean that you are not using pdfTeX 1.50 or
(etexcmds)             that some package has redefined \expanded.
(etexcmds)             In the latter case, load this package earlier.
)))
(/usr/share/texlive/texmf-dist/tex/generic/oberdiek/pdftexcmds.sty
Package: pdftexcmds 2018/01/21 v0.26 Utility functions of pdfTeX for LuaTeX (HO
)
Package pdftexcmds Info: LuaTeX not detected.
Package pdftexcmds Info: \pdf@primitive is available.
Package pdftexcmds Info: \pdf@ifprimitive is available.
Package pdftexcmds Info: \pdfdraftmode found.
)
Package epstopdf-base Info: Redefining graphics rule for `.eps' on input line 4
38.
Package grfext Info: Graphics extension search list:
(grfext)             [.pdf,.png,.jpg,.mps,.jpeg,.jbig2,.jb2,.PDF,.PNG,.JPG,.JPE
G,.JBIG2,.JB2,.eps]
(grfext)             \AppendGraphicsExtensions on input line 456.

(/usr/share/texlive/texmf-dist/tex/latex/latexconfig/epstopdf-sys.cfg
File: epstopdf-sys.cfg 2010/07/13 v1.3 Configuration of (r)epstopdf for TeX Liv
e
))
*geometry* driver: auto-detecting
*geometry* detected driver: pdftex
*geometry* verbose mode - [ preamble ] result:
* driver: pdftex
* paper: a4paper
* layout: <same size as paper>
* layoutoffset:(h,v)=(0.0pt,0.0pt)
* modes: 
* h-part:(L,W,R)=(42.67912pt, 512.14963pt, 42.67912pt)
* v-part:(T,H,B)=(42.67912pt, 759.6886pt, 42.67912pt)
* \paperwidth=597.50787pt
* \paperheight=845.04684pt
* \textwidth=512.14963pt
* \textheight=759.6886pt
* \oddsidemargin=-29.59087pt
* \evensidemargin=-29.59087pt
* \topmargin=-66.59087pt
* \headheight=12.0pt
* \headsep=25.0pt
* \topskip=10.0pt
* \footskip=30.0pt
* \marginparwidth=65.0pt
* \marginparsep=11.0pt
* \columnsep=10.0pt
* \skip\footins=9.0pt plus 4.0pt minus 2.0pt
* \hoffset=0.0pt
* \voffset=0.0pt
* \mag=1000
* \@twocolumnfalse
* \@twosidefalse
* \@mparswitchfalse
* \@reversemarginfalse
* (1in=72.27pt=25.4mm, 1cm=28.453pt)

Package caption Info: Begin \AtBeginDocument code.
Package caption Info: subfig package v1.3 is loaded.
Package caption Info: End \AtBeginDocument code.
[1

{/var/lib/texmf/fonts/map/pdftex/updmap/pdftex.map}] [1]
(./ThesisVersion2.toc
LaTeX Font Info:    External font `cmex10' loaded for size
(Font)              <7> on input line 2.
LaTeX Font Info:    External font `cmex10' loaded for size
(Font)              <5> on input line 2.
)
\tf@toc=\write3
\openout3 = `ThesisVersion2.toc'.

 [2]
Underfull \hbox (badness 10000) in paragraph at lines 96--97

 []


Underfull \hbox (badness 10000) in paragraph at lines 98--101

 []


Underfull \hbox (badness 10000) in paragraph at lines 102--103

 []

LaTeX Font Info:    Try loading font information for OMS+cmr on input line 110.

(/usr/share/texlive/texmf-dist/tex/latex/base/omscmr.fd
File: omscmr.fd 2014/09/29 v2.5h Standard LaTeX font definitions
)
LaTeX Font Info:    Font shape `OMS/cmr/m/n' in size <10> not available
(Font)              Font shape `OMS/cmsy/m/n' tried instead on input line 110.

Underfull \hbox (badness 10000) in paragraph at lines 121--122

 []

[1]
Underfull \hbox (badness 10000) in paragraph at lines 123--125

 []


Underfull \hbox (badness 10000) in paragraph at lines 126--132

 []

[2]
Underfull \hbox (badness 10000) in paragraph at lines 149--150

 []


Underfull \hbox (badness 10000) in paragraph at lines 151--153

 []


Underfull \hbox (badness 10000) in paragraph at lines 154--157

 []


Underfull \hbox (badness 10000) in paragraph at lines 158--160

 []

<images/Example1.png, id=26, 464.73625pt x 480.79625pt>
File: images/Example1.png Graphic file (type png)
<use images/Example1.png>
Package pdftex.def Info: images/Example1.png  used on input line 176.
(pdftex.def)             Requested size: 256.07481pt x 264.93028pt.
<images/Example2.png, id=28, 504.88625pt x 481.8pt>
File: images/Example2.png Graphic file (type png)
<use images/Example2.png>
Package pdftex.def Info: images/Example2.png  used on input line 179.
(pdftex.def)             Requested size: 256.07481pt x 244.36938pt.

Overfull \hbox (6.66666pt too wide) in paragraph at lines 176--180
 [][][] 
 []


Underfull \hbox (badness 10000) in paragraph at lines 184--185

 []


Underfull \hbox (badness 10000) in paragraph at lines 186--187

 []

[3]
Underfull \hbox (badness 10000) in paragraph at lines 188--189

 []


Underfull \hbox (badness 10000) in paragraph at lines 195--196

 []


Underfull \hbox (badness 10000) in paragraph at lines 197--199

 []


Underfull \hbox (badness 10000) in paragraph at lines 200--201

 []

[4 <./images/Example1.png> <./images/Example2.png>]

LaTeX Warning: Citation `pizza' on page 5 undefined on input line 221.


Underfull \hbox (badness 10000) in paragraph at lines 221--222

 []

Missing character: There is no Ã in font cmr10!
Missing character: There is no ­ in font cmr10!
[5]
Underfull \hbox (badness 10000) in paragraph at lines 237--238

 []


Underfull \hbox (badness 10000) in paragraph at lines 240--241

 []


Underfull \hbox (badness 10000) in paragraph at lines 243--244

 []


Underfull \hbox (badness 10000) in paragraph at lines 248--251

 []


Underfull \hbox (badness 10000) in paragraph at lines 252--254

 []

[6]
Underfull \hbox (badness 10000) in paragraph at lines 260--261

 []


Underfull \hbox (badness 10000) in paragraph at lines 262--263

 []


Underfull \hbox (badness 10000) in paragraph at lines 264--265

 []


Underfull \hbox (badness 10000) in paragraph at lines 266--267

 []


Underfull \hbox (badness 10000) in paragraph at lines 268--270

 []

[7] [8] [9]
<images/SimplifiedPipelineMissingPart.png, id=55, 3494.05376pt x 1757.56625pt>
File: images/SimplifiedPipelineMissingPart.png Graphic file (type png)
<use images/SimplifiedPipelineMissingPart.png>
Package pdftex.def Info: images/SimplifiedPipelineMissingPart.png  used on inpu
t line 313.
(pdftex.def)             Requested size: 409.72125pt x 206.07156pt.

Underfull \hbox (badness 10000) in paragraph at lines 318--320

 []

<images/SubgraphRetrieval.png, id=56, 1661.20625pt x 1155.31625pt>
File: images/SubgraphRetrieval.png Graphic file (type png)
<use images/SubgraphRetrieval.png>
Package pdftex.def Info: images/SubgraphRetrieval.png  used on input line 345.
(pdftex.def)             Requested size: 230.46576pt x 160.27998pt.
<images/JustificationRetrieval.png, id=57, 844.15375pt x 576.1525pt>
File: images/JustificationRetrieval.png Graphic file (type png)
<use images/JustificationRetrieval.png>
Package pdftex.def Info: images/JustificationRetrieval.png  used on input line 
349.
(pdftex.def)             Requested size: 230.46576pt x 157.29515pt.
[10 <./images/SimplifiedPipelineMissingPart.png>]
Underfull \hbox (badness 10000) in paragraph at lines 358--362

 []

<images/PatternGeneralizing.png, id=64, 927.465pt x 686.565pt>
File: images/PatternGeneralizing.png Graphic file (type png)
<use images/PatternGeneralizing.png>
Package pdftex.def Info: images/PatternGeneralizing.png  used on input line 369
.
(pdftex.def)             Requested size: 230.46576pt x 170.60368pt.
<images/JustificationtoGeneral.png, id=65, 937.5025pt x 536.0025pt>
File: images/JustificationtoGeneral.png Graphic file (type png)
<use images/JustificationtoGeneral.png>
Package pdftex.def Info: images/JustificationtoGeneral.png  used on input line 
373.
(pdftex.def)             Requested size: 230.46576pt x 131.75932pt.

Underfull \hbox (badness 10000) in paragraph at lines 377--381

 []

[11 <./images/SubgraphRetrieval.png> <./images/JustificationRetrieval.png>]
[12 <./images/PatternGeneralizing.png> <./images/JustificationtoGeneral.png>]
Missing character: There is no â in font cmr10!
Missing character: There is no € in font cmr10!
Missing character: There is no ” in font cmr10!

Underfull \hbox (badness 10000) in paragraph at lines 424--425

 []

[13]
<images/AnalyticsDrawing.png, id=80, 1907.125pt x 788.9475pt>
File: images/AnalyticsDrawing.png Graphic file (type png)
<use images/AnalyticsDrawing.png>
Package pdftex.def Info: images/AnalyticsDrawing.png  used on input line 455.
(pdftex.def)             Requested size: 230.46576pt x 95.33171pt.
<images/SamplingDrawing.png, id=81, 1800.7275pt x 788.9475pt>
File: images/SamplingDrawing.png Graphic file (type png)
<use images/SamplingDrawing.png>
Package pdftex.def Info: images/SamplingDrawing.png  used on input line 459.
(pdftex.def)             Requested size: 230.46576pt x 100.96567pt.
 [14 <./images/AnalyticsDrawing.png> <./images/SamplingDrawing.png>]
[15]
Underfull \hbox (badness 10000) in paragraph at lines 474--475

 []


Underfull \hbox (badness 10000) in paragraph at lines 478--479

 []


Underfull \hbox (badness 10000) in paragraph at lines 480--482

 []


Underfull \hbox (badness 10000) in paragraph at lines 498--500

 []


Underfull \hbox (badness 10000) in paragraph at lines 501--506

 []

<images/figure4.png, id=90, 414.8298pt x 330.2739pt>
File: images/figure4.png Graphic file (type png)
<use images/figure4.png>
Package pdftex.def Info: images/figure4.png  used on input line 525.
(pdftex.def)             Requested size: 169.0103pt x 134.55644pt.
<images/figure5.png, id=91, 463.9734pt x 330.2739pt>
File: images/figure5.png Graphic file (type png)
<use images/figure5.png>
Package pdftex.def Info: images/figure5.png  used on input line 528.
(pdftex.def)             Requested size: 169.0103pt x 120.30453pt.

Underfull \hbox (badness 1077) in paragraph at lines 528--528
[]\OT1/cmr/m/n/8 (b) |The dis-tri-bu-tion of out-de-gree over all
 []

File: images/figure5.png Graphic file (type png)
<use images/figure5.png>
Package pdftex.def Info: images/figure5.png  used on input line 531.
(pdftex.def)             Requested size: 169.0103pt x 120.30453pt.
Package epstopdf Info: Source file: <images/Samplefigure4.eps>
(epstopdf)                    date: 2019-04-25 16:23:39
(epstopdf)                    size: 28173 bytes
(epstopdf)             Output file: <images/Samplefigure4-eps-converted-to.pdf>

(epstopdf)                    date: 2019-04-25 16:23:39
(epstopdf)                    size: 18748 bytes
(epstopdf)             Command: <repstopdf --outfile=images/Samplefigure4-eps-c
onverted-to.pdf images/Samplefigure4.eps>
(epstopdf)             \includegraphics on input line 535.
Package epstopdf Info: Output file is already uptodate.
<images/Samplefigure4-eps-converted-to.pdf, id=92, 416.55624pt x 326.21875pt>
File: images/Samplefigure4-eps-converted-to.pdf Graphic file (type pdf)
<use images/Samplefigure4-eps-converted-to.pdf>
Package pdftex.def Info: images/Samplefigure4-eps-converted-to.pdf  used on inp
ut line 535.
(pdftex.def)             Requested size: 169.0103pt x 132.3568pt.
Package epstopdf Info: Source file: <images/Samplefigure5.eps>
(epstopdf)                    date: 2019-04-25 16:23:39
(epstopdf)                    size: 26346 bytes
(epstopdf)             Output file: <images/Samplefigure5-eps-converted-to.pdf>

(epstopdf)                    date: 2019-04-25 16:23:39
(epstopdf)                    size: 17000 bytes
(epstopdf)             Command: <repstopdf --outfile=images/Samplefigure5-eps-c
onverted-to.pdf images/Samplefigure5.eps>
(epstopdf)             \includegraphics on input line 538.
Package epstopdf Info: Output file is already uptodate.
<images/Samplefigure5-eps-converted-to.pdf, id=93, 464.73625pt x 326.21875pt>
File: images/Samplefigure5-eps-converted-to.pdf Graphic file (type pdf)
<use images/Samplefigure5-eps-converted-to.pdf>
Package pdftex.def Info: images/Samplefigure5-eps-converted-to.pdf  used on inp
ut line 538.
(pdftex.def)             Requested size: 169.0103pt x 118.6333pt.
Package epstopdf Info: Source file: <images/Samplefigure5.eps>
(epstopdf)                    date: 2019-04-25 16:23:39
(epstopdf)                    size: 26346 bytes
(epstopdf)             Output file: <images/Samplefigure5-eps-converted-to.pdf>

(epstopdf)                    date: 2019-04-25 16:23:39
(epstopdf)                    size: 17000 bytes
(epstopdf)             Command: <repstopdf --outfile=images/Samplefigure5-eps-c
onverted-to.pdf images/Samplefigure5.eps>
(epstopdf)             \includegraphics on input line 541.
Package epstopdf Info: Output file is already uptodate.
File: images/Samplefigure5-eps-converted-to.pdf Graphic file (type pdf)
<use images/Samplefigure5-eps-converted-to.pdf>
Package pdftex.def Info: images/Samplefigure5-eps-converted-to.pdf  used on inp
ut line 541.
(pdftex.def)             Requested size: 169.0103pt x 118.6333pt.

Overfull \hbox (4.88126pt too wide) in paragraph at lines 525--542
[][][][]
 []


Overfull \hbox (4.88126pt too wide) in paragraph at lines 525--542
[][][] 
 []

<images/figure1.png, id=94, 431.4519pt x 330.2739pt>
File: images/figure1.png Graphic file (type png)
<use images/figure1.png>
Package pdftex.def Info: images/figure1.png  used on input line 551.
(pdftex.def)             Requested size: 169.0103pt x 129.37576pt.
<images/figure2.png, id=95, 414.8298pt x 330.2739pt>
File: images/figure2.png Graphic file (type png)
<use images/figure2.png>
Package pdftex.def Info: images/figure2.png  used on input line 554.
(pdftex.def)             Requested size: 169.0103pt x 134.55644pt.
<images/figure3.png, id=96, 414.8298pt x 330.2739pt>
File: images/figure3.png Graphic file (type png)
<use images/figure3.png>
Package pdftex.def Info: images/figure3.png  used on input line 557.
(pdftex.def)             Requested size: 169.0103pt x 134.55644pt.
Package epstopdf Info: Source file: <images/Samplefigure1.eps>
(epstopdf)                    date: 2019-04-25 16:23:39
(epstopdf)                    size: 26474 bytes
(epstopdf)             Output file: <images/Samplefigure1-eps-converted-to.pdf>

(epstopdf)                    date: 2019-04-25 16:23:39
(epstopdf)                    size: 19014 bytes
(epstopdf)             Command: <repstopdf --outfile=images/Samplefigure1-eps-c
onverted-to.pdf images/Samplefigure1.eps>
(epstopdf)             \includegraphics on input line 561.
Package epstopdf Info: Output file is already uptodate.
<images/Samplefigure1-eps-converted-to.pdf, id=97, 412.54124pt x 326.21875pt>
File: images/Samplefigure1-eps-converted-to.pdf Graphic file (type pdf)
<use images/Samplefigure1-eps-converted-to.pdf>
Package pdftex.def Info: images/Samplefigure1-eps-converted-to.pdf  used on inp
ut line 561.
(pdftex.def)             Requested size: 169.0103pt x 133.64601pt.
Package epstopdf Info: Source file: <images/Samplefigure2.eps>
(epstopdf)                    date: 2019-04-25 16:23:39
(epstopdf)                    size: 26800 bytes
(epstopdf)             Output file: <images/Samplefigure2-eps-converted-to.pdf>

(epstopdf)                    date: 2019-04-25 16:23:39
(epstopdf)                    size: 18840 bytes
(epstopdf)             Command: <repstopdf --outfile=images/Samplefigure2-eps-c
onverted-to.pdf images/Samplefigure2.eps>
(epstopdf)             \includegraphics on input line 564.
Package epstopdf Info: Output file is already uptodate.
<images/Samplefigure2-eps-converted-to.pdf, id=98, 410.53375pt x 326.21875pt>
File: images/Samplefigure2-eps-converted-to.pdf Graphic file (type pdf)
<use images/Samplefigure2-eps-converted-to.pdf>
Package pdftex.def Info: images/Samplefigure2-eps-converted-to.pdf  used on inp
ut line 564.
(pdftex.def)             Requested size: 169.0103pt x 134.2981pt.
Package epstopdf Info: Source file: <images/Samplefigure3.eps>
(epstopdf)                    date: 2019-04-25 16:23:39
(epstopdf)                    size: 27146 bytes
(epstopdf)             Output file: <images/Samplefigure3-eps-converted-to.pdf>

(epstopdf)                    date: 2019-04-25 16:23:39
(epstopdf)                    size: 18244 bytes
(epstopdf)             Command: <repstopdf --outfile=images/Samplefigure3-eps-c
onverted-to.pdf images/Samplefigure3.eps>
(epstopdf)             \includegraphics on input line 567.
Package epstopdf Info: Output file is already uptodate.
<images/Samplefigure3-eps-converted-to.pdf, id=99, 416.55624pt x 326.21875pt>
File: images/Samplefigure3-eps-converted-to.pdf Graphic file (type pdf)
<use images/Samplefigure3-eps-converted-to.pdf>
Package pdftex.def Info: images/Samplefigure3-eps-converted-to.pdf  used on inp
ut line 567.
(pdftex.def)             Requested size: 169.0103pt x 132.3568pt.

Overfull \hbox (4.88126pt too wide) in paragraph at lines 551--568
 [][][][] 
 []


Overfull \hbox (8.21458pt too wide) in paragraph at lines 551--568
 [][][] 
 []

[16] [17 <./images/figure4.png> <./images/figure5.png> <./images/Samplefigure4-
eps-converted-to.pdf> <./images/Samplefigure5-eps-converted-to.pdf>]
(./ThesisVersion2.bbl
Missing character: There is no Ã in font cmr10!
Missing character: There is no ¡ in font cmr10!
Missing character: There is no Ã in font cmr10!
Missing character: There is no ­ in font cmr10!
Missing character: There is no Ã in font cmr10!
Missing character: There is no © in font cmr10!
Missing character: There is no â in font cmr10!
Missing character: There is no € in font cmr10!
Missing character: There is no “ in font cmr10!
Missing character: There is no Ã in font cmr10!
Missing character: There is no ¤ in font cmr10!
Missing character: There is no Ã in font cmr10!
Missing character: There is no ¶ in font cmr10!
 [18 <./images/figure1.png> <./images/figure2.png> <./images/figure3.png> <./im
ages/Samplefigure1-eps-converted-to.pdf> <./images/Samplefigure2-eps-converted-
to.pdf> <./images/Samplefigure3-eps-converted-to.pdf>]
Missing character: There is no Ã in font cmr10!
Missing character: There is no ­ in font cmr10!
Missing character: There is no Ã in font cmr10!
Missing character: There is no ¡ in font cmr10!
)
[19] (./ThesisVersion2.aux)

LaTeX Warning: There were undefined references.

 ) 
Here is how much of TeX's memory you used:
 4550 strings out of 494847
 72975 string characters out of 6179080
 150634 words of memory out of 5000000
 7803 multiletter control sequences out of 15000+600000
 8186 words of font info for 29 fonts, out of 8000000 for 9000
 59 hyphenation exceptions out of 8191
 44i,15n,49p,1303b,386s stack positions out of 5000i,500n,10000p,200000b,80000s
</usr/share/texlive/texmf-dist/fonts/type1/public/amsfonts/cm/cmbx10.pfb></us
r/share/texlive/texmf-dist/fonts/type1/public/amsfonts/cm/cmbx12.pfb></usr/shar
e/texlive/texmf-dist/fonts/type1/public/amsfonts/cm/cmbxti10.pfb></usr/share/te
xlive/texmf-dist/fonts/type1/public/amsfonts/cm/cmcsc10.pfb></usr/share/texlive
/texmf-dist/fonts/type1/public/amsfonts/cm/cmmi10.pfb></usr/share/texlive/texmf
-dist/fonts/type1/public/amsfonts/cm/cmr10.pfb></usr/share/texlive/texmf-dist/f
onts/type1/public/amsfonts/cm/cmr12.pfb></usr/share/texlive/texmf-dist/fonts/ty
pe1/public/amsfonts/cm/cmr8.pfb></usr/share/texlive/texmf-dist/fonts/type1/publ
ic/amsfonts/cm/cmsy10.pfb></usr/share/texlive/texmf-dist/fonts/type1/public/ams
fonts/cm/cmti10.pfb></usr/share/texlive/texmf-dist/fonts/type1/public/amsfonts/
cm/cmti12.pfb></usr/share/texlive/texmf-dist/fonts/type1/public/amsfonts/cm/cmt
t10.pfb>
Output written on ThesisVersion2.pdf (22 pages, 1157888 bytes).
PDF statistics:
 344 PDF objects out of 1000 (max. 8388607)
 107 compressed objects within 2 object streams
 0 named destinations out of 1000 (max. 500000)
 96 words of extra memory for PDF output out of 10000 (max. 10000000)

